2025-10-15 14:46:35.653 [main] INFO  [o.p.s.ServiceMetricsPlatformApplication] - Starting ServiceMetricsPlatformApplication using Java 21.0.8 with PID 23776 (E:\Panjy-codeing\java\service-metrics-platform\target\classes started by tg in E:\Panjy-codeing\java\service-metrics-platform)
2025-10-15 14:46:35.661 [main] DEBUG [o.p.s.ServiceMetricsPlatformApplication] - Running with Spring Boot v3.1.2, Spring v6.0.11
2025-10-15 14:46:35.662 [main] INFO  [o.p.s.ServiceMetricsPlatformApplication] - The following 1 profile is active: "dev"
2025-10-15 14:46:36.922 [main] DEBUG [o.m.s.mapper.ClassPathMapperScanner] - Identified candidate component class: file [E:\Panjy-codeing\java\service-metrics-platform\target\classes\org\panjy\servicemetricsplatform\mapper\CallDurationStatisticsMapper.class]
2025-10-15 14:46:36.922 [main] DEBUG [o.m.s.mapper.ClassPathMapperScanner] - Identified candidate component class: file [E:\Panjy-codeing\java\service-metrics-platform\target\classes\org\panjy\servicemetricsplatform\mapper\ClientMapper.class]
2025-10-15 14:46:36.923 [main] DEBUG [o.m.s.mapper.ClassPathMapperScanner] - Identified candidate component class: file [E:\Panjy-codeing\java\service-metrics-platform\target\classes\org\panjy\servicemetricsplatform\mapper\FirstCallSummaryMapper.class]
2025-10-15 14:46:36.923 [main] DEBUG [o.m.s.mapper.ClassPathMapperScanner] - Identified candidate component class: file [E:\Panjy-codeing\java\service-metrics-platform\target\classes\org\panjy\servicemetricsplatform\mapper\MealCheckinCompletionRateMapper.class]
2025-10-15 14:46:36.923 [main] DEBUG [o.m.s.mapper.ClassPathMapperScanner] - Identified candidate component class: file [E:\Panjy-codeing\java\service-metrics-platform\target\classes\org\panjy\servicemetricsplatform\mapper\MessageMapper.class]
2025-10-15 14:46:36.923 [main] DEBUG [o.m.s.mapper.ClassPathMapperScanner] - Identified candidate component class: file [E:\Panjy-codeing\java\service-metrics-platform\target\classes\org\panjy\servicemetricsplatform\mapper\OrderCallTimeDiffMapper.class]
2025-10-15 14:46:36.923 [main] DEBUG [o.m.s.mapper.ClassPathMapperScanner] - Identified candidate component class: file [E:\Panjy-codeing\java\service-metrics-platform\target\classes\org\panjy\servicemetricsplatform\mapper\OrderMapper.class]
2025-10-15 14:46:36.923 [main] DEBUG [o.m.s.mapper.ClassPathMapperScanner] - Identified candidate component class: file [E:\Panjy-codeing\java\service-metrics-platform\target\classes\org\panjy\servicemetricsplatform\mapper\ServerAccountMapper.class]
2025-10-15 14:46:36.923 [main] DEBUG [o.m.s.mapper.ClassPathMapperScanner] - Identified candidate component class: file [E:\Panjy-codeing\java\service-metrics-platform\target\classes\org\panjy\servicemetricsplatform\mapper\ServerTimeMapper.class]
2025-10-15 14:46:36.923 [main] DEBUG [o.m.s.mapper.ClassPathMapperScanner] - Identified candidate component class: file [E:\Panjy-codeing\java\service-metrics-platform\target\classes\org\panjy\servicemetricsplatform\mapper\TblTjInCallMapper.class]
2025-10-15 14:46:36.923 [main] DEBUG [o.m.s.mapper.ClassPathMapperScanner] - Identified candidate component class: file [E:\Panjy-codeing\java\service-metrics-platform\target\classes\org\panjy\servicemetricsplatform\mapper\TblTjOutCallMapper.class]
2025-10-15 14:46:36.923 [main] DEBUG [o.m.s.mapper.ClassPathMapperScanner] - Identified candidate component class: file [E:\Panjy-codeing\java\service-metrics-platform\target\classes\org\panjy\servicemetricsplatform\mapper\TblTjOutCallStatisticsMapper.class]
2025-10-15 14:46:36.923 [main] DEBUG [o.m.s.mapper.ClassPathMapperScanner] - Identified candidate component class: file [E:\Panjy-codeing\java\service-metrics-platform\target\classes\org\panjy\servicemetricsplatform\mapper\UserFirstFeedbackMapper.class]
2025-10-15 14:46:36.923 [main] DEBUG [o.m.s.mapper.ClassPathMapperScanner] - Identified candidate component class: file [E:\Panjy-codeing\java\service-metrics-platform\target\classes\org\panjy\servicemetricsplatform\mapper\UserGuidanceStatMapper.class]
2025-10-15 14:46:36.923 [main] DEBUG [o.m.s.mapper.ClassPathMapperScanner] - Identified candidate component class: file [E:\Panjy-codeing\java\service-metrics-platform\target\classes\org\panjy\servicemetricsplatform\mapper\UserMealCheckinMapper.class]
2025-10-15 14:46:36.923 [main] DEBUG [o.m.s.mapper.ClassPathMapperScanner] - Identified candidate component class: file [E:\Panjy-codeing\java\service-metrics-platform\target\classes\org\panjy\servicemetricsplatform\mapper\WechatAccountMapper.class]
2025-10-15 14:46:36.923 [main] DEBUG [o.m.s.mapper.ClassPathMapperScanner] - Identified candidate component class: file [E:\Panjy-codeing\java\service-metrics-platform\target\classes\org\panjy\servicemetricsplatform\mapper\WechatActivityMapper.class]
2025-10-15 14:46:36.923 [main] DEBUG [o.m.s.mapper.ClassPathMapperScanner] - Identified candidate component class: file [E:\Panjy-codeing\java\service-metrics-platform\target\classes\org\panjy\servicemetricsplatform\mapper\WechatGroupMessageMapper.class]
2025-10-15 14:46:36.923 [main] DEBUG [o.m.s.mapper.ClassPathMapperScanner] - Identified candidate component class: file [E:\Panjy-codeing\java\service-metrics-platform\target\classes\org\panjy\servicemetricsplatform\mapper\WechatMemberMapper.class]
2025-10-15 14:46:36.923 [main] DEBUG [o.m.s.mapper.ClassPathMapperScanner] - Identified candidate component class: file [E:\Panjy-codeing\java\service-metrics-platform\target\classes\org\panjy\servicemetricsplatform\mapper\WechatMessageAnalyzeAddressMapper.class]
2025-10-15 14:46:36.923 [main] DEBUG [o.m.s.mapper.ClassPathMapperScanner] - Identified candidate component class: file [E:\Panjy-codeing\java\service-metrics-platform\target\classes\org\panjy\servicemetricsplatform\mapper\WechatMessageMapper.class]
2025-10-15 14:46:36.925 [main] DEBUG [o.m.s.mapper.ClassPathMapperScanner] - Creating MapperFactoryBean with name 'callDurationStatisticsMapper' and 'org.panjy.servicemetricsplatform.mapper.CallDurationStatisticsMapper' mapperInterface
2025-10-15 14:46:36.928 [main] DEBUG [o.m.s.mapper.ClassPathMapperScanner] - Enabling autowire by type for MapperFactoryBean with name 'callDurationStatisticsMapper'.
2025-10-15 14:46:36.928 [main] DEBUG [o.m.s.mapper.ClassPathMapperScanner] - Creating MapperFactoryBean with name 'clientMapper' and 'org.panjy.servicemetricsplatform.mapper.ClientMapper' mapperInterface
2025-10-15 14:46:36.929 [main] DEBUG [o.m.s.mapper.ClassPathMapperScanner] - Enabling autowire by type for MapperFactoryBean with name 'clientMapper'.
2025-10-15 14:46:36.929 [main] DEBUG [o.m.s.mapper.ClassPathMapperScanner] - Creating MapperFactoryBean with name 'firstCallSummaryMapper' and 'org.panjy.servicemetricsplatform.mapper.FirstCallSummaryMapper' mapperInterface
2025-10-15 14:46:36.930 [main] DEBUG [o.m.s.mapper.ClassPathMapperScanner] - Enabling autowire by type for MapperFactoryBean with name 'firstCallSummaryMapper'.
2025-10-15 14:46:36.930 [main] DEBUG [o.m.s.mapper.ClassPathMapperScanner] - Creating MapperFactoryBean with name 'mealCheckinCompletionRateMapper' and 'org.panjy.servicemetricsplatform.mapper.MealCheckinCompletionRateMapper' mapperInterface
2025-10-15 14:46:36.931 [main] DEBUG [o.m.s.mapper.ClassPathMapperScanner] - Enabling autowire by type for MapperFactoryBean with name 'mealCheckinCompletionRateMapper'.
2025-10-15 14:46:36.931 [main] DEBUG [o.m.s.mapper.ClassPathMapperScanner] - Creating MapperFactoryBean with name 'messageMapper' and 'org.panjy.servicemetricsplatform.mapper.MessageMapper' mapperInterface
2025-10-15 14:46:36.932 [main] DEBUG [o.m.s.mapper.ClassPathMapperScanner] - Enabling autowire by type for MapperFactoryBean with name 'messageMapper'.
2025-10-15 14:46:36.932 [main] DEBUG [o.m.s.mapper.ClassPathMapperScanner] - Creating MapperFactoryBean with name 'orderCallTimeDiffMapper' and 'org.panjy.servicemetricsplatform.mapper.OrderCallTimeDiffMapper' mapperInterface
2025-10-15 14:46:36.932 [main] DEBUG [o.m.s.mapper.ClassPathMapperScanner] - Enabling autowire by type for MapperFactoryBean with name 'orderCallTimeDiffMapper'.
2025-10-15 14:46:36.933 [main] DEBUG [o.m.s.mapper.ClassPathMapperScanner] - Creating MapperFactoryBean with name 'orderMapper' and 'org.panjy.servicemetricsplatform.mapper.OrderMapper' mapperInterface
2025-10-15 14:46:36.933 [main] DEBUG [o.m.s.mapper.ClassPathMapperScanner] - Enabling autowire by type for MapperFactoryBean with name 'orderMapper'.
2025-10-15 14:46:36.933 [main] DEBUG [o.m.s.mapper.ClassPathMapperScanner] - Creating MapperFactoryBean with name 'serverAccountMapper' and 'org.panjy.servicemetricsplatform.mapper.ServerAccountMapper' mapperInterface
2025-10-15 14:46:36.934 [main] DEBUG [o.m.s.mapper.ClassPathMapperScanner] - Enabling autowire by type for MapperFactoryBean with name 'serverAccountMapper'.
2025-10-15 14:46:36.934 [main] DEBUG [o.m.s.mapper.ClassPathMapperScanner] - Creating MapperFactoryBean with name 'serverTimeMapper' and 'org.panjy.servicemetricsplatform.mapper.ServerTimeMapper' mapperInterface
2025-10-15 14:46:36.935 [main] DEBUG [o.m.s.mapper.ClassPathMapperScanner] - Enabling autowire by type for MapperFactoryBean with name 'serverTimeMapper'.
2025-10-15 14:46:36.935 [main] DEBUG [o.m.s.mapper.ClassPathMapperScanner] - Creating MapperFactoryBean with name 'tblTjInCallMapper' and 'org.panjy.servicemetricsplatform.mapper.TblTjInCallMapper' mapperInterface
2025-10-15 14:46:36.935 [main] DEBUG [o.m.s.mapper.ClassPathMapperScanner] - Enabling autowire by type for MapperFactoryBean with name 'tblTjInCallMapper'.
2025-10-15 14:46:36.935 [main] DEBUG [o.m.s.mapper.ClassPathMapperScanner] - Creating MapperFactoryBean with name 'tblTjOutCallMapper' and 'org.panjy.servicemetricsplatform.mapper.TblTjOutCallMapper' mapperInterface
2025-10-15 14:46:36.936 [main] DEBUG [o.m.s.mapper.ClassPathMapperScanner] - Enabling autowire by type for MapperFactoryBean with name 'tblTjOutCallMapper'.
2025-10-15 14:46:36.936 [main] DEBUG [o.m.s.mapper.ClassPathMapperScanner] - Creating MapperFactoryBean with name 'tblTjOutCallStatisticsMapper' and 'org.panjy.servicemetricsplatform.mapper.TblTjOutCallStatisticsMapper' mapperInterface
2025-10-15 14:46:36.937 [main] DEBUG [o.m.s.mapper.ClassPathMapperScanner] - Enabling autowire by type for MapperFactoryBean with name 'tblTjOutCallStatisticsMapper'.
2025-10-15 14:46:36.937 [main] DEBUG [o.m.s.mapper.ClassPathMapperScanner] - Creating MapperFactoryBean with name 'userFirstFeedbackMapper' and 'org.panjy.servicemetricsplatform.mapper.UserFirstFeedbackMapper' mapperInterface
2025-10-15 14:46:36.937 [main] DEBUG [o.m.s.mapper.ClassPathMapperScanner] - Enabling autowire by type for MapperFactoryBean with name 'userFirstFeedbackMapper'.
2025-10-15 14:46:36.938 [main] DEBUG [o.m.s.mapper.ClassPathMapperScanner] - Creating MapperFactoryBean with name 'userGuidanceStatMapper' and 'org.panjy.servicemetricsplatform.mapper.UserGuidanceStatMapper' mapperInterface
2025-10-15 14:46:36.938 [main] DEBUG [o.m.s.mapper.ClassPathMapperScanner] - Enabling autowire by type for MapperFactoryBean with name 'userGuidanceStatMapper'.
2025-10-15 14:46:36.938 [main] DEBUG [o.m.s.mapper.ClassPathMapperScanner] - Creating MapperFactoryBean with name 'userMealCheckinMapper' and 'org.panjy.servicemetricsplatform.mapper.UserMealCheckinMapper' mapperInterface
2025-10-15 14:46:36.939 [main] DEBUG [o.m.s.mapper.ClassPathMapperScanner] - Enabling autowire by type for MapperFactoryBean with name 'userMealCheckinMapper'.
2025-10-15 14:46:36.939 [main] DEBUG [o.m.s.mapper.ClassPathMapperScanner] - Creating MapperFactoryBean with name 'wechatAccountMapper' and 'org.panjy.servicemetricsplatform.mapper.WechatAccountMapper' mapperInterface
2025-10-15 14:46:36.939 [main] DEBUG [o.m.s.mapper.ClassPathMapperScanner] - Enabling autowire by type for MapperFactoryBean with name 'wechatAccountMapper'.
2025-10-15 14:46:36.940 [main] DEBUG [o.m.s.mapper.ClassPathMapperScanner] - Creating MapperFactoryBean with name 'wechatActivityMapper' and 'org.panjy.servicemetricsplatform.mapper.WechatActivityMapper' mapperInterface
2025-10-15 14:46:36.940 [main] DEBUG [o.m.s.mapper.ClassPathMapperScanner] - Enabling autowire by type for MapperFactoryBean with name 'wechatActivityMapper'.
2025-10-15 14:46:36.940 [main] DEBUG [o.m.s.mapper.ClassPathMapperScanner] - Creating MapperFactoryBean with name 'wechatGroupMessageMapper' and 'org.panjy.servicemetricsplatform.mapper.WechatGroupMessageMapper' mapperInterface
2025-10-15 14:46:36.941 [main] DEBUG [o.m.s.mapper.ClassPathMapperScanner] - Enabling autowire by type for MapperFactoryBean with name 'wechatGroupMessageMapper'.
2025-10-15 14:46:36.941 [main] DEBUG [o.m.s.mapper.ClassPathMapperScanner] - Creating MapperFactoryBean with name 'wechatMemberMapper' and 'org.panjy.servicemetricsplatform.mapper.WechatMemberMapper' mapperInterface
2025-10-15 14:46:36.941 [main] DEBUG [o.m.s.mapper.ClassPathMapperScanner] - Enabling autowire by type for MapperFactoryBean with name 'wechatMemberMapper'.
2025-10-15 14:46:36.942 [main] DEBUG [o.m.s.mapper.ClassPathMapperScanner] - Creating MapperFactoryBean with name 'wechatMessageAnalyzeAddressMapper' and 'org.panjy.servicemetricsplatform.mapper.WechatMessageAnalyzeAddressMapper' mapperInterface
2025-10-15 14:46:36.943 [main] DEBUG [o.m.s.mapper.ClassPathMapperScanner] - Enabling autowire by type for MapperFactoryBean with name 'wechatMessageAnalyzeAddressMapper'.
2025-10-15 14:46:36.943 [main] DEBUG [o.m.s.mapper.ClassPathMapperScanner] - Creating MapperFactoryBean with name 'wechatMessageMapper' and 'org.panjy.servicemetricsplatform.mapper.WechatMessageMapper' mapperInterface
2025-10-15 14:46:36.943 [main] DEBUG [o.m.s.mapper.ClassPathMapperScanner] - Enabling autowire by type for MapperFactoryBean with name 'wechatMessageMapper'.
2025-10-15 14:46:36.951 [main] DEBUG [o.m.s.mapper.ClassPathMapperScanner] - Identified candidate component class: file [E:\Panjy-codeing\java\service-metrics-platform\target\classes\org\panjy\servicemetricsplatform\mapper\CallDurationStatisticsMapper.class]
2025-10-15 14:46:36.951 [main] DEBUG [o.m.s.mapper.ClassPathMapperScanner] - Identified candidate component class: file [E:\Panjy-codeing\java\service-metrics-platform\target\classes\org\panjy\servicemetricsplatform\mapper\ClientMapper.class]
2025-10-15 14:46:36.951 [main] DEBUG [o.m.s.mapper.ClassPathMapperScanner] - Identified candidate component class: file [E:\Panjy-codeing\java\service-metrics-platform\target\classes\org\panjy\servicemetricsplatform\mapper\FirstCallSummaryMapper.class]
2025-10-15 14:46:36.951 [main] DEBUG [o.m.s.mapper.ClassPathMapperScanner] - Identified candidate component class: file [E:\Panjy-codeing\java\service-metrics-platform\target\classes\org\panjy\servicemetricsplatform\mapper\MealCheckinCompletionRateMapper.class]
2025-10-15 14:46:36.951 [main] DEBUG [o.m.s.mapper.ClassPathMapperScanner] - Identified candidate component class: file [E:\Panjy-codeing\java\service-metrics-platform\target\classes\org\panjy\servicemetricsplatform\mapper\MessageMapper.class]
2025-10-15 14:46:36.951 [main] DEBUG [o.m.s.mapper.ClassPathMapperScanner] - Identified candidate component class: file [E:\Panjy-codeing\java\service-metrics-platform\target\classes\org\panjy\servicemetricsplatform\mapper\OrderCallTimeDiffMapper.class]
2025-10-15 14:46:36.951 [main] DEBUG [o.m.s.mapper.ClassPathMapperScanner] - Identified candidate component class: file [E:\Panjy-codeing\java\service-metrics-platform\target\classes\org\panjy\servicemetricsplatform\mapper\OrderMapper.class]
2025-10-15 14:46:36.951 [main] DEBUG [o.m.s.mapper.ClassPathMapperScanner] - Identified candidate component class: file [E:\Panjy-codeing\java\service-metrics-platform\target\classes\org\panjy\servicemetricsplatform\mapper\ServerAccountMapper.class]
2025-10-15 14:46:36.951 [main] DEBUG [o.m.s.mapper.ClassPathMapperScanner] - Identified candidate component class: file [E:\Panjy-codeing\java\service-metrics-platform\target\classes\org\panjy\servicemetricsplatform\mapper\ServerTimeMapper.class]
2025-10-15 14:46:36.951 [main] DEBUG [o.m.s.mapper.ClassPathMapperScanner] - Identified candidate component class: file [E:\Panjy-codeing\java\service-metrics-platform\target\classes\org\panjy\servicemetricsplatform\mapper\TblTjInCallMapper.class]
2025-10-15 14:46:36.951 [main] DEBUG [o.m.s.mapper.ClassPathMapperScanner] - Identified candidate component class: file [E:\Panjy-codeing\java\service-metrics-platform\target\classes\org\panjy\servicemetricsplatform\mapper\TblTjOutCallMapper.class]
2025-10-15 14:46:36.951 [main] DEBUG [o.m.s.mapper.ClassPathMapperScanner] - Identified candidate component class: file [E:\Panjy-codeing\java\service-metrics-platform\target\classes\org\panjy\servicemetricsplatform\mapper\TblTjOutCallStatisticsMapper.class]
2025-10-15 14:46:36.951 [main] DEBUG [o.m.s.mapper.ClassPathMapperScanner] - Identified candidate component class: file [E:\Panjy-codeing\java\service-metrics-platform\target\classes\org\panjy\servicemetricsplatform\mapper\UserFirstFeedbackMapper.class]
2025-10-15 14:46:36.951 [main] DEBUG [o.m.s.mapper.ClassPathMapperScanner] - Identified candidate component class: file [E:\Panjy-codeing\java\service-metrics-platform\target\classes\org\panjy\servicemetricsplatform\mapper\UserGuidanceStatMapper.class]
2025-10-15 14:46:36.951 [main] DEBUG [o.m.s.mapper.ClassPathMapperScanner] - Identified candidate component class: file [E:\Panjy-codeing\java\service-metrics-platform\target\classes\org\panjy\servicemetricsplatform\mapper\UserMealCheckinMapper.class]
2025-10-15 14:46:36.951 [main] DEBUG [o.m.s.mapper.ClassPathMapperScanner] - Identified candidate component class: file [E:\Panjy-codeing\java\service-metrics-platform\target\classes\org\panjy\servicemetricsplatform\mapper\WechatAccountMapper.class]
2025-10-15 14:46:36.951 [main] DEBUG [o.m.s.mapper.ClassPathMapperScanner] - Identified candidate component class: file [E:\Panjy-codeing\java\service-metrics-platform\target\classes\org\panjy\servicemetricsplatform\mapper\WechatActivityMapper.class]
2025-10-15 14:46:36.951 [main] DEBUG [o.m.s.mapper.ClassPathMapperScanner] - Identified candidate component class: file [E:\Panjy-codeing\java\service-metrics-platform\target\classes\org\panjy\servicemetricsplatform\mapper\WechatGroupMessageMapper.class]
2025-10-15 14:46:36.951 [main] DEBUG [o.m.s.mapper.ClassPathMapperScanner] - Identified candidate component class: file [E:\Panjy-codeing\java\service-metrics-platform\target\classes\org\panjy\servicemetricsplatform\mapper\WechatMemberMapper.class]
2025-10-15 14:46:36.952 [main] DEBUG [o.m.s.mapper.ClassPathMapperScanner] - Identified candidate component class: file [E:\Panjy-codeing\java\service-metrics-platform\target\classes\org\panjy\servicemetricsplatform\mapper\WechatMessageAnalyzeAddressMapper.class]
2025-10-15 14:46:36.952 [main] DEBUG [o.m.s.mapper.ClassPathMapperScanner] - Identified candidate component class: file [E:\Panjy-codeing\java\service-metrics-platform\target\classes\org\panjy\servicemetricsplatform\mapper\WechatMessageMapper.class]
2025-10-15 14:46:36.952 [main] WARN  [o.m.s.mapper.ClassPathMapperScanner] - Skipping MapperFactoryBean with name 'callDurationStatisticsMapper' and 'org.panjy.servicemetricsplatform.mapper.CallDurationStatisticsMapper' mapperInterface. Bean already defined with the same name!
2025-10-15 14:46:36.953 [main] WARN  [o.m.s.mapper.ClassPathMapperScanner] - Skipping MapperFactoryBean with name 'clientMapper' and 'org.panjy.servicemetricsplatform.mapper.ClientMapper' mapperInterface. Bean already defined with the same name!
2025-10-15 14:46:36.953 [main] WARN  [o.m.s.mapper.ClassPathMapperScanner] - Skipping MapperFactoryBean with name 'firstCallSummaryMapper' and 'org.panjy.servicemetricsplatform.mapper.FirstCallSummaryMapper' mapperInterface. Bean already defined with the same name!
2025-10-15 14:46:36.953 [main] WARN  [o.m.s.mapper.ClassPathMapperScanner] - Skipping MapperFactoryBean with name 'mealCheckinCompletionRateMapper' and 'org.panjy.servicemetricsplatform.mapper.MealCheckinCompletionRateMapper' mapperInterface. Bean already defined with the same name!
2025-10-15 14:46:36.953 [main] WARN  [o.m.s.mapper.ClassPathMapperScanner] - Skipping MapperFactoryBean with name 'messageMapper' and 'org.panjy.servicemetricsplatform.mapper.MessageMapper' mapperInterface. Bean already defined with the same name!
2025-10-15 14:46:36.953 [main] WARN  [o.m.s.mapper.ClassPathMapperScanner] - Skipping MapperFactoryBean with name 'orderCallTimeDiffMapper' and 'org.panjy.servicemetricsplatform.mapper.OrderCallTimeDiffMapper' mapperInterface. Bean already defined with the same name!
2025-10-15 14:46:36.953 [main] WARN  [o.m.s.mapper.ClassPathMapperScanner] - Skipping MapperFactoryBean with name 'orderMapper' and 'org.panjy.servicemetricsplatform.mapper.OrderMapper' mapperInterface. Bean already defined with the same name!
2025-10-15 14:46:36.953 [main] WARN  [o.m.s.mapper.ClassPathMapperScanner] - Skipping MapperFactoryBean with name 'serverAccountMapper' and 'org.panjy.servicemetricsplatform.mapper.ServerAccountMapper' mapperInterface. Bean already defined with the same name!
2025-10-15 14:46:36.953 [main] WARN  [o.m.s.mapper.ClassPathMapperScanner] - Skipping MapperFactoryBean with name 'serverTimeMapper' and 'org.panjy.servicemetricsplatform.mapper.ServerTimeMapper' mapperInterface. Bean already defined with the same name!
2025-10-15 14:46:36.953 [main] WARN  [o.m.s.mapper.ClassPathMapperScanner] - Skipping MapperFactoryBean with name 'tblTjInCallMapper' and 'org.panjy.servicemetricsplatform.mapper.TblTjInCallMapper' mapperInterface. Bean already defined with the same name!
2025-10-15 14:46:36.953 [main] WARN  [o.m.s.mapper.ClassPathMapperScanner] - Skipping MapperFactoryBean with name 'tblTjOutCallMapper' and 'org.panjy.servicemetricsplatform.mapper.TblTjOutCallMapper' mapperInterface. Bean already defined with the same name!
2025-10-15 14:46:36.953 [main] WARN  [o.m.s.mapper.ClassPathMapperScanner] - Skipping MapperFactoryBean with name 'tblTjOutCallStatisticsMapper' and 'org.panjy.servicemetricsplatform.mapper.TblTjOutCallStatisticsMapper' mapperInterface. Bean already defined with the same name!
2025-10-15 14:46:36.953 [main] WARN  [o.m.s.mapper.ClassPathMapperScanner] - Skipping MapperFactoryBean with name 'userFirstFeedbackMapper' and 'org.panjy.servicemetricsplatform.mapper.UserFirstFeedbackMapper' mapperInterface. Bean already defined with the same name!
2025-10-15 14:46:36.953 [main] WARN  [o.m.s.mapper.ClassPathMapperScanner] - Skipping MapperFactoryBean with name 'userGuidanceStatMapper' and 'org.panjy.servicemetricsplatform.mapper.UserGuidanceStatMapper' mapperInterface. Bean already defined with the same name!
2025-10-15 14:46:36.953 [main] WARN  [o.m.s.mapper.ClassPathMapperScanner] - Skipping MapperFactoryBean with name 'userMealCheckinMapper' and 'org.panjy.servicemetricsplatform.mapper.UserMealCheckinMapper' mapperInterface. Bean already defined with the same name!
2025-10-15 14:46:36.953 [main] WARN  [o.m.s.mapper.ClassPathMapperScanner] - Skipping MapperFactoryBean with name 'wechatAccountMapper' and 'org.panjy.servicemetricsplatform.mapper.WechatAccountMapper' mapperInterface. Bean already defined with the same name!
2025-10-15 14:46:36.953 [main] WARN  [o.m.s.mapper.ClassPathMapperScanner] - Skipping MapperFactoryBean with name 'wechatActivityMapper' and 'org.panjy.servicemetricsplatform.mapper.WechatActivityMapper' mapperInterface. Bean already defined with the same name!
2025-10-15 14:46:36.953 [main] WARN  [o.m.s.mapper.ClassPathMapperScanner] - Skipping MapperFactoryBean with name 'wechatGroupMessageMapper' and 'org.panjy.servicemetricsplatform.mapper.WechatGroupMessageMapper' mapperInterface. Bean already defined with the same name!
2025-10-15 14:46:36.954 [main] WARN  [o.m.s.mapper.ClassPathMapperScanner] - Skipping MapperFactoryBean with name 'wechatMemberMapper' and 'org.panjy.servicemetricsplatform.mapper.WechatMemberMapper' mapperInterface. Bean already defined with the same name!
2025-10-15 14:46:36.954 [main] WARN  [o.m.s.mapper.ClassPathMapperScanner] - Skipping MapperFactoryBean with name 'wechatMessageAnalyzeAddressMapper' and 'org.panjy.servicemetricsplatform.mapper.WechatMessageAnalyzeAddressMapper' mapperInterface. Bean already defined with the same name!
2025-10-15 14:46:36.954 [main] WARN  [o.m.s.mapper.ClassPathMapperScanner] - Skipping MapperFactoryBean with name 'wechatMessageMapper' and 'org.panjy.servicemetricsplatform.mapper.WechatMessageMapper' mapperInterface. Bean already defined with the same name!
2025-10-15 14:46:36.954 [main] WARN  [o.m.s.mapper.ClassPathMapperScanner] - No MyBatis mapper was found in '[org.panjy.servicemetricsplatform.mapper]' package. Please check your configuration.
2025-10-15 14:46:36.955 [main] INFO  [o.s.c.a.ConfigurationClassPostProcessor] - Cannot enhance @Configuration bean definition 'myBatisConfig' since its singleton instance has been created too early. The typical cause is a non-static @Bean method with a BeanDefinitionRegistryPostProcessor return type: Consider declaring such methods as 'static'.
2025-10-15 14:46:37.379 [main] ERROR [o.a.c.core.AprLifecycleListener] - An incompatible version [1.2.30] of the Apache Tomcat Native library is installed, while Tomcat requires version [1.2.34]
2025-10-15 14:46:37.664 [main] INFO  [o.s.b.w.e.tomcat.TomcatWebServer] - Tomcat initialized with port(s): 8081 (http)
2025-10-15 14:46:37.791 [main] INFO  [o.s.b.w.s.c.ServletWebServerApplicationContext] - Root WebApplicationContext: initialization completed in 2043 ms
2025-10-15 14:46:38.019 [main] DEBUG [o.m.spring.SqlSessionFactoryBean] - Property 'configuration' or 'configLocation' not specified, using default MyBatis Configuration
2025-10-15 14:46:38.343 [main] DEBUG [o.m.spring.SqlSessionFactoryBean] - Parsed mapper file: 'file [E:\Panjy-codeing\java\service-metrics-platform\target\classes\mappers\ClientMapper.xml]'
2025-10-15 14:46:38.360 [main] DEBUG [o.m.spring.SqlSessionFactoryBean] - Parsed mapper file: 'file [E:\Panjy-codeing\java\service-metrics-platform\target\classes\mappers\FirstCallSummaryMapper.xml]'
2025-10-15 14:46:38.371 [main] DEBUG [o.m.spring.SqlSessionFactoryBean] - Parsed mapper file: 'file [E:\Panjy-codeing\java\service-metrics-platform\target\classes\mappers\MessageMapper.xml]'
2025-10-15 14:46:38.379 [main] DEBUG [o.m.spring.SqlSessionFactoryBean] - Parsed mapper file: 'file [E:\Panjy-codeing\java\service-metrics-platform\target\classes\mappers\OrderCallTimeDiffMapper.xml]'
2025-10-15 14:46:38.397 [main] DEBUG [o.m.spring.SqlSessionFactoryBean] - Parsed mapper file: 'file [E:\Panjy-codeing\java\service-metrics-platform\target\classes\mappers\OrderMapper.xml]'
2025-10-15 14:46:38.405 [main] DEBUG [o.m.spring.SqlSessionFactoryBean] - Parsed mapper file: 'file [E:\Panjy-codeing\java\service-metrics-platform\target\classes\mappers\ServerAccountMapper.xml]'
2025-10-15 14:46:38.414 [main] DEBUG [o.m.spring.SqlSessionFactoryBean] - Parsed mapper file: 'file [E:\Panjy-codeing\java\service-metrics-platform\target\classes\mappers\ServerTimeMapper.xml]'
2025-10-15 14:46:38.426 [main] DEBUG [o.m.spring.SqlSessionFactoryBean] - Parsed mapper file: 'file [E:\Panjy-codeing\java\service-metrics-platform\target\classes\mappers\TblTjOutCallMapper.xml]'
2025-10-15 14:46:38.436 [main] DEBUG [o.m.spring.SqlSessionFactoryBean] - Parsed mapper file: 'file [E:\Panjy-codeing\java\service-metrics-platform\target\classes\mappers\UserFirstFeedbackMapper.xml]'
2025-10-15 14:46:38.445 [main] DEBUG [o.m.spring.SqlSessionFactoryBean] - Parsed mapper file: 'file [E:\Panjy-codeing\java\service-metrics-platform\target\classes\mappers\UserGuidanceStatMapper.xml]'
2025-10-15 14:46:38.452 [main] DEBUG [o.m.spring.SqlSessionFactoryBean] - Parsed mapper file: 'file [E:\Panjy-codeing\java\service-metrics-platform\target\classes\mappers\UserMealCheckinMapper.xml]'
2025-10-15 14:46:38.458 [main] DEBUG [o.m.spring.SqlSessionFactoryBean] - Parsed mapper file: 'file [E:\Panjy-codeing\java\service-metrics-platform\target\classes\mappers\WechatAccountMapper.xml]'
2025-10-15 14:46:38.464 [main] DEBUG [o.m.spring.SqlSessionFactoryBean] - Parsed mapper file: 'file [E:\Panjy-codeing\java\service-metrics-platform\target\classes\mappers\WechatActivityMapper.xml]'
2025-10-15 14:46:38.470 [main] DEBUG [o.m.spring.SqlSessionFactoryBean] - Parsed mapper file: 'file [E:\Panjy-codeing\java\service-metrics-platform\target\classes\mappers\WechatGroupMessageMapper.xml]'
2025-10-15 14:46:38.480 [main] DEBUG [o.m.spring.SqlSessionFactoryBean] - Parsed mapper file: 'file [E:\Panjy-codeing\java\service-metrics-platform\target\classes\mappers\WechatMemberMapper.xml]'
2025-10-15 14:46:38.492 [main] DEBUG [o.m.spring.SqlSessionFactoryBean] - Parsed mapper file: 'file [E:\Panjy-codeing\java\service-metrics-platform\target\classes\mappers\WechatMessageAnalyzeAddressMapper.xml]'
2025-10-15 14:46:38.501 [main] DEBUG [o.m.spring.SqlSessionFactoryBean] - Parsed mapper file: 'file [E:\Panjy-codeing\java\service-metrics-platform\target\classes\mappers\WechatMessageMapper.xml]'
2025-10-15 14:46:39.328 [main] INFO  [o.s.b.w.e.tomcat.TomcatWebServer] - Tomcat started on port(s): 8081 (http) with context path ''
2025-10-15 14:46:39.351 [main] INFO  [o.p.s.ServiceMetricsPlatformApplication] - Started ServiceMetricsPlatformApplication in 4.554 seconds (process running for 5.718)
2025-10-15 14:46:39.372 [main] DEBUG [org.mybatis.spring.SqlSessionUtils] - Creating a new SqlSession
2025-10-15 14:46:39.380 [main] DEBUG [org.mybatis.spring.SqlSessionUtils] - SqlSession [org.apache.ibatis.session.defaults.DefaultSqlSession@773eca84] was not registered for synchronization because synchronization is not active
2025-10-15 14:46:39.757 [main] DEBUG [o.m.s.t.SpringManagedTransaction] - JDBC Connection [HikariProxyConnection@706631622 wrapping com.clickhouse.jdbc.internal.ClickHouseConnectionImpl@2ba024cb] will not be managed by Spring
2025-10-15 14:46:39.762 [main] DEBUG [o.p.s.m.T.selectDistinctClientIds] - ==>  Preparing: SELECT DISTINCT twm.colCltID FROM aikang.wechat_member wm INNER JOIN aikang.tbl_wechat_member twm ON wm.wechat_id = twm.wechat_id
2025-10-15 14:46:39.804 [main] DEBUG [o.p.s.m.T.selectDistinctClientIds] - ==> Parameters: 
2025-10-15 14:46:39.928 [main] DEBUG [o.p.s.m.T.selectDistinctClientIds] - <==      Total: 653
2025-10-15 14:46:39.935 [main] DEBUG [org.mybatis.spring.SqlSessionUtils] - Closing non transactional SqlSession [org.apache.ibatis.session.defaults.DefaultSqlSession@773eca84]
2025-10-15 14:46:39.939 [main] DEBUG [org.mybatis.spring.SqlSessionUtils] - Creating a new SqlSession
2025-10-15 14:46:39.939 [main] DEBUG [org.mybatis.spring.SqlSessionUtils] - SqlSession [org.apache.ibatis.session.defaults.DefaultSqlSession@701d2b59] was not registered for synchronization because synchronization is not active
2025-10-15 14:46:39.939 [main] DEBUG [o.m.s.t.SpringManagedTransaction] - JDBC Connection [HikariProxyConnection@429462686 wrapping com.clickhouse.jdbc.internal.ClickHouseConnectionImpl@2ba024cb] will not be managed by Spring
2025-10-15 14:46:39.939 [main] DEBUG [o.p.s.m.T.selectFirstByUserId] - ==>  Preparing: SELECT colCltID, DNISANS, DNANSTIME, DNOUTTIME, DNINTIME FROM aikang.Tbl_Tj_OutCall WHERE colCltID = ? AND DNISANS = 1 AND dateDiff('second', DNANSTIME, DNOUTTIME) > 60 ORDER BY DNINTIME ASC LIMIT 1
2025-10-15 14:46:39.944 [main] DEBUG [o.p.s.m.T.selectFirstByUserId] - ==> Parameters: AF7740000161                  (String)
2025-10-15 14:46:40.018 [main] DEBUG [o.p.s.m.T.selectFirstByUserId] - <==      Total: 1
2025-10-15 14:46:40.018 [main] DEBUG [org.mybatis.spring.SqlSessionUtils] - Closing non transactional SqlSession [org.apache.ibatis.session.defaults.DefaultSqlSession@701d2b59]
